TN:
SF:src/modules/appointments/services/CreateAppointmentService.ts
FN:40,__decorate
FN:40,__metadata
FN:40,__param
FN:40,__awaiter
FN:40,adopt
FN:40,fulfilled
FN:40,rejected
FN:40,step
FN:40,__generator
FN:40,sent
FN:40,Symbol.function.g.(anonymous function)
FN:40,verb
FN:40,step
FN:40,__importDefault
FN:16,CreateAppointmentService
FN:23,CreateAppointmentService.execute
FNF:16
FNH:14
FNDA:1,__decorate
FNDA:1,__metadata
FNDA:1,__param
FNDA:3,__awaiter
FNDA:5,adopt
FNDA:5,fulfilled
FNDA:0,rejected
FNDA:7,step
FNDA:3,__generator
FNDA:5,sent
FNDA:0,Symbol.function.g.(anonymous function)
FNDA:9,verb
FNDA:8,step
FNDA:1,__importDefault
FNDA:2,CreateAppointmentService
FNDA:3,CreateAppointmentService.execute
DA:1,1
DA:2,1
DA:3,1
DA:4,1
DA:5,1
DA:6,1
DA:7,1
DA:8,1
DA:9,1
DA:10,1
DA:11,1
DA:12,1
DA:13,1
DA:14,1
DA:15,1
DA:16,1
DA:17,2
DA:18,2
DA:19,2
DA:20,2
DA:21,2
DA:22,1
DA:23,1
DA:24,3
DA:25,3
DA:26,3
DA:27,3
DA:28,1
DA:29,1
DA:30,2
DA:31,2
DA:32,2
DA:33,2
DA:34,2
DA:35,3
DA:36,3
DA:37,3
DA:38,1
DA:39,1
DA:40,1
LF:40
LH:40
BRDA:40,0,0,1
BRDA:40,1,0,1
BRDA:40,2,0,0
BRDA:40,3,0,0
BRDA:40,4,0,0
BRDA:40,5,0,0
BRDA:40,6,0,1
BRDA:40,7,0,1
BRDA:40,8,0,1
BRDA:40,9,0,3
BRDA:40,10,0,5
BRDA:40,11,0,0
BRDA:40,12,0,3
BRDA:40,13,0,5
BRDA:40,14,0,4
BRDA:40,15,0,1
BRDA:40,16,0,7
BRDA:40,17,0,2
BRDA:40,18,0,5
BRDA:40,19,0,3
BRDA:40,20,0,5
BRDA:40,21,0,0
BRDA:40,22,0,9
BRDA:40,23,0,8
BRDA:40,24,0,8
BRDA:40,25,0,0
BRDA:40,26,0,16
BRDA:40,27,0,0
BRDA:40,28,0,0
BRDA:40,29,0,0
BRDA:40,30,0,0
BRDA:40,31,0,8
BRDA:40,32,0,8
BRDA:40,33,0,0
BRDA:40,34,0,5
BRDA:40,35,0,0
BRDA:40,36,0,3
BRDA:40,37,0,0
BRDA:40,38,0,2
BRDA:40,39,0,0
BRDA:40,40,0,0
BRDA:40,41,0,0
BRDA:40,42,0,0
BRDA:40,43,0,0
BRDA:40,44,0,8
BRDA:40,45,0,7
BRDA:40,46,0,1
BRDA:40,47,0,8
BRDA:40,48,0,3
BRDA:40,49,0,1
BRDA:40,50,0,2
BRDA:40,51,0,0
BRDA:40,52,0,1
BRDA:40,53,0,0
BRDA:13,54,0,1
BRDA:16,55,0,2
BRDA:23,56,0,3
BRDA:40,57,0,3
BRDA:40,58,0,8
BRDA:40,59,0,3
BRDA:40,60,0,0
BRDA:40,61,0,3
BRDA:27,62,0,1
BRDA:29,63,0,2
BRDA:40,64,0,0
BRDA:40,65,0,2
BRDA:40,66,0,0
BRF:67
BRH:43
end_of_record
TN:
SF:src/modules/users/services/AuthenticateUserService.ts
FN:60,__decorate
FN:60,__metadata
FN:60,__param
FN:60,__awaiter
FN:60,adopt
FN:60,fulfilled
FN:60,rejected
FN:60,step
FN:60,__generator
FN:60,sent
FN:60,Symbol.function.g.(anonymous function)
FN:60,verb
FN:60,step
FN:60,__importDefault
FN:25,AuthenticateUserService
FN:35,AuthenticateUserService.execute
FNF:16
FNH:14
FNDA:1,__decorate
FNDA:1,__metadata
FNDA:2,__param
FNDA:3,__awaiter
FNDA:5,adopt
FNDA:5,fulfilled
FNDA:0,rejected
FNDA:6,step
FNDA:3,__generator
FNDA:5,sent
FNDA:0,Symbol.function.g.(anonymous function)
FNDA:9,verb
FNDA:8,step
FNDA:2,__importDefault
FNDA:3,AuthenticateUserService
FNDA:3,AuthenticateUserService.execute
DA:1,1
DA:2,1
DA:3,1
DA:4,1
DA:5,1
DA:6,1
DA:7,1
DA:8,1
DA:9,1
DA:10,1
DA:11,1
DA:12,1
DA:13,1
DA:14,1
DA:15,1
DA:16,1
DA:17,1
DA:18,1
DA:19,1
DA:20,1
DA:21,1
DA:22,1
DA:23,1
DA:24,1
DA:25,1
DA:26,3
DA:27,3
DA:28,3
DA:29,3
DA:30,3
DA:31,3
DA:32,3
DA:33,3
DA:34,1
DA:35,1
DA:36,3
DA:37,3
DA:38,3
DA:39,1
DA:40,1
DA:41,2
DA:42,2
DA:43,3
DA:44,3
DA:45,1
DA:46,1
DA:47,1
DA:48,1
DA:49,1
DA:50,1
DA:51,1
DA:52,1
DA:53,1
DA:54,1
DA:55,1
DA:56,1
DA:57,3
DA:58,1
DA:59,1
DA:60,1
LF:60
LH:60
BRDA:60,0,0,1
BRDA:60,1,0,1
BRDA:60,2,0,0
BRDA:60,3,0,0
BRDA:60,4,0,0
BRDA:60,5,0,0
BRDA:60,6,0,1
BRDA:60,7,0,2
BRDA:60,8,0,2
BRDA:60,9,0,3
BRDA:60,10,0,5
BRDA:60,11,0,0
BRDA:60,12,0,3
BRDA:60,13,0,5
BRDA:60,14,0,3
BRDA:60,15,0,2
BRDA:60,16,0,6
BRDA:60,17,0,1
BRDA:60,18,0,5
BRDA:60,19,0,3
BRDA:60,20,0,5
BRDA:60,21,0,0
BRDA:60,22,0,9
BRDA:60,23,0,8
BRDA:60,24,0,8
BRDA:60,25,0,0
BRDA:60,26,0,16
BRDA:60,27,0,0
BRDA:60,28,0,0
BRDA:60,29,0,0
BRDA:60,30,0,0
BRDA:60,31,0,8
BRDA:60,32,0,8
BRDA:60,33,0,0
BRDA:60,34,0,5
BRDA:60,35,0,0
BRDA:60,36,0,3
BRDA:60,37,0,0
BRDA:60,38,0,1
BRDA:60,39,0,0
BRDA:60,40,0,0
BRDA:60,41,0,0
BRDA:60,42,0,0
BRDA:60,43,0,0
BRDA:60,44,0,8
BRDA:60,45,0,6
BRDA:60,46,0,2
BRDA:60,47,0,8
BRDA:60,48,0,3
BRDA:60,49,0,2
BRDA:60,50,0,1
BRDA:60,51,0,0
BRDA:60,52,0,2
BRDA:60,53,0,0
BRDA:20,54,0,1
BRDA:25,55,0,3
BRDA:35,56,0,3
BRDA:60,57,0,3
BRDA:60,58,0,8
BRDA:36,59,0,3
BRDA:60,60,0,0
BRDA:60,61,0,3
BRDA:38,62,0,1
BRDA:40,63,0,2
BRDA:60,64,0,0
BRDA:60,65,0,2
BRDA:44,66,0,1
BRDA:60,67,0,0
BRF:68
BRH:44
end_of_record
TN:
SF:src/modules/users/services/CreateUserService.ts
FN:48,__decorate
FN:48,__metadata
FN:48,__param
FN:48,__awaiter
FN:48,adopt
FN:48,fulfilled
FN:48,rejected
FN:48,step
FN:48,__generator
FN:48,sent
FN:48,Symbol.function.g.(anonymous function)
FN:48,verb
FN:48,step
FN:48,__importDefault
FN:19,CreateUserService
FN:29,CreateUserService.execute
FNF:16
FNH:14
FNDA:2,__decorate
FNDA:2,__metadata
FNDA:4,__param
FNDA:6,__awaiter
FNDA:16,adopt
FNDA:16,fulfilled
FNDA:0,rejected
FNDA:21,step
FNDA:6,__generator
FNDA:16,sent
FNDA:0,Symbol.function.g.(anonymous function)
FNDA:18,verb
FNDA:22,step
FNDA:2,__importDefault
FNDA:5,CreateUserService
FNDA:6,CreateUserService.execute
DA:1,1
DA:2,1
DA:3,1
DA:4,1
DA:5,1
DA:6,1
DA:7,1
DA:8,1
DA:9,1
DA:10,1
DA:11,1
DA:12,1
DA:13,1
DA:14,2
DA:15,2
DA:16,2
DA:17,2
DA:18,2
DA:19,2
DA:20,5
DA:21,5
DA:22,5
DA:23,5
DA:24,5
DA:25,5
DA:26,5
DA:27,5
DA:28,2
DA:29,2
DA:30,6
DA:31,6
DA:32,6
DA:33,1
DA:34,1
DA:35,5
DA:36,5
DA:37,6
DA:38,6
DA:39,6
DA:40,6
DA:41,6
DA:42,6
DA:43,6
DA:44,6
DA:45,6
DA:46,2
DA:47,1
DA:48,1
LF:48
LH:48
BRDA:48,0,0,2
BRDA:48,1,0,2
BRDA:48,2,0,0
BRDA:48,3,0,0
BRDA:48,4,0,0
BRDA:48,5,0,0
BRDA:48,6,0,2
BRDA:48,7,0,4
BRDA:48,8,0,4
BRDA:48,9,0,6
BRDA:48,10,0,16
BRDA:48,11,0,0
BRDA:48,12,0,6
BRDA:48,13,0,16
BRDA:48,14,0,15
BRDA:48,15,0,1
BRDA:48,16,0,21
BRDA:48,17,0,5
BRDA:48,18,0,16
BRDA:48,19,0,6
BRDA:48,20,0,16
BRDA:48,21,0,0
BRDA:48,22,0,18
BRDA:48,23,0,22
BRDA:48,24,0,22
BRDA:48,25,0,0
BRDA:48,26,0,44
BRDA:48,27,0,0
BRDA:48,28,0,0
BRDA:48,29,0,0
BRDA:48,30,0,0
BRDA:48,31,0,22
BRDA:48,32,0,22
BRDA:48,33,0,0
BRDA:48,34,0,16
BRDA:48,35,0,0
BRDA:48,36,0,6
BRDA:48,37,0,0
BRDA:48,38,0,5
BRDA:48,39,0,0
BRDA:48,40,0,0
BRDA:48,41,0,0
BRDA:48,42,0,0
BRDA:48,43,0,0
BRDA:48,44,0,32
BRDA:48,45,0,22
BRDA:48,46,0,21
BRDA:48,47,0,1
BRDA:48,48,0,22
BRDA:48,49,0,6
BRDA:48,50,0,1
BRDA:48,51,0,5
BRDA:48,52,0,0
BRDA:48,53,0,2
BRDA:48,54,0,0
BRDA:14,55,0,2
BRDA:19,56,0,5
BRDA:29,57,0,6
BRDA:48,58,0,6
BRDA:48,59,0,22
BRDA:30,60,0,6
BRDA:48,61,0,0
BRDA:48,62,0,6
BRDA:32,63,0,1
BRDA:34,64,0,5
BRDA:48,65,0,0
BRDA:48,66,0,5
BRDA:48,67,0,0
BRDA:48,68,0,5
BRDA:48,69,0,0
BRF:70
BRH:45
end_of_record
TN:
SF:src/modules/users/services/ResetPasswordService.ts
FN:61,__decorate
FN:61,__metadata
FN:61,__param
FN:61,__awaiter
FN:61,adopt
FN:61,fulfilled
FN:61,rejected
FN:61,step
FN:61,__generator
FN:61,sent
FN:61,Symbol.function.g.(anonymous function)
FN:61,verb
FN:61,step
FN:61,__importDefault
FN:21,ResetPasswordService
FN:36,ResetPasswordService.execute
FNF:16
FNH:14
FNDA:1,__decorate
FNDA:1,__metadata
FNDA:3,__param
FNDA:4,__awaiter
FNDA:9,adopt
FNDA:9,fulfilled
FNDA:0,rejected
FNDA:10,step
FNDA:4,__generator
FNDA:9,sent
FNDA:0,Symbol.function.g.(anonymous function)
FNDA:12,verb
FNDA:13,step
FNDA:1,__importDefault
FNDA:4,ResetPasswordService
FNDA:4,ResetPasswordService.execute
DA:1,1
DA:2,1
DA:3,1
DA:4,1
DA:5,1
DA:6,1
DA:7,1
DA:8,1
DA:9,1
DA:10,1
DA:11,1
DA:12,1
DA:13,1
DA:14,1
DA:15,1
DA:16,1
DA:17,1
DA:18,1
DA:19,1
DA:20,1
DA:21,1
DA:22,4
DA:23,4
DA:24,4
DA:25,4
DA:26,4
DA:27,4
DA:28,4
DA:29,4
DA:30,4
DA:31,4
DA:32,4
DA:33,4
DA:34,4
DA:35,1
DA:36,1
DA:37,4
DA:38,4
DA:39,4
DA:40,1
DA:41,1
DA:42,3
DA:43,3
DA:44,4
DA:45,4
DA:46,1
DA:47,1
DA:48,2
DA:49,2
DA:50,2
DA:51,4
DA:52,1
DA:53,1
DA:54,1
DA:55,1
DA:56,4
DA:57,4
DA:58,4
DA:59,1
DA:60,1
DA:61,1
LF:61
LH:61
BRDA:61,0,0,1
BRDA:61,1,0,1
BRDA:61,2,0,0
BRDA:61,3,0,0
BRDA:61,4,0,0
BRDA:61,5,0,0
BRDA:61,6,0,1
BRDA:61,7,0,3
BRDA:61,8,0,3
BRDA:61,9,0,4
BRDA:61,10,0,9
BRDA:61,11,0,0
BRDA:61,12,0,4
BRDA:61,13,0,9
BRDA:61,14,0,6
BRDA:61,15,0,3
BRDA:61,16,0,10
BRDA:61,17,0,1
BRDA:61,18,0,9
BRDA:61,19,0,4
BRDA:61,20,0,9
BRDA:61,21,0,0
BRDA:61,22,0,12
BRDA:61,23,0,13
BRDA:61,24,0,13
BRDA:61,25,0,0
BRDA:61,26,0,26
BRDA:61,27,0,0
BRDA:61,28,0,0
BRDA:61,29,0,0
BRDA:61,30,0,0
BRDA:61,31,0,13
BRDA:61,32,0,13
BRDA:61,33,0,0
BRDA:61,34,0,9
BRDA:61,35,0,0
BRDA:61,36,0,4
BRDA:61,37,0,0
BRDA:61,38,0,1
BRDA:61,39,0,0
BRDA:61,40,0,0
BRDA:61,41,0,0
BRDA:61,42,0,0
BRDA:61,43,0,0
BRDA:61,44,0,13
BRDA:61,45,0,10
BRDA:61,46,0,3
BRDA:61,47,0,13
BRDA:61,48,0,4
BRDA:61,49,0,3
BRDA:61,50,0,1
BRDA:61,51,0,0
BRDA:61,52,0,1
BRDA:61,53,0,0
BRDA:14,54,0,1
BRDA:21,55,0,4
BRDA:36,56,0,4
BRDA:61,57,0,4
BRDA:61,58,0,13
BRDA:37,59,0,4
BRDA:61,60,0,0
BRDA:61,61,0,4
BRDA:39,62,0,1
BRDA:41,63,0,3
BRDA:61,64,0,0
BRDA:61,65,0,3
BRDA:45,66,0,1
BRDA:47,67,0,2
BRDA:51,68,0,1
BRDA:61,69,0,0
BRDA:61,70,0,1
BRDA:61,71,0,0
BRDA:61,72,0,1
BRDA:61,73,0,0
BRF:74
BRH:48
end_of_record
TN:
SF:src/modules/users/services/SendForgotPasswordEmailService.ts
FN:64,__decorate
FN:64,__metadata
FN:64,__param
FN:64,__awaiter
FN:64,adopt
FN:64,fulfilled
FN:64,rejected
FN:64,step
FN:64,__generator
FN:64,sent
FN:64,Symbol.function.g.(anonymous function)
FN:64,verb
FN:64,step
FN:64,__importDefault
FN:20,SendForgotPasswordEmailService
FN:35,SendForgotPasswordEmailService.execute
FNF:16
FNH:14
FNDA:1,__decorate
FNDA:1,__metadata
FNDA:3,__param
FNDA:1,__awaiter
FNDA:1,adopt
FNDA:1,fulfilled
FNDA:0,rejected
FNDA:1,step
FNDA:1,__generator
FNDA:1,sent
FNDA:0,Symbol.function.g.(anonymous function)
FNDA:3,verb
FNDA:2,step
FNDA:2,__importDefault
FNDA:1,SendForgotPasswordEmailService
FNDA:1,SendForgotPasswordEmailService.execute
DA:1,1
DA:2,1
DA:3,1
DA:4,1
DA:5,1
DA:6,1
DA:7,1
DA:8,1
DA:9,1
DA:10,1
DA:11,1
DA:12,1
DA:13,1
DA:14,1
DA:15,1
DA:16,1
DA:17,1
DA:18,1
DA:19,1
DA:20,1
DA:21,1
DA:22,1
DA:23,1
DA:24,1
DA:25,1
DA:26,1
DA:27,1
DA:28,1
DA:29,1
DA:30,1
DA:31,1
DA:32,1
DA:33,1
DA:34,1
DA:35,1
DA:36,1
DA:37,1
DA:38,1
DA:39,1
DA:40,1
DA:41,0
DA:42,0
DA:43,1
DA:44,1
DA:45,1
DA:46,1
DA:47,1
DA:48,1
DA:49,1
DA:50,1
DA:51,1
DA:52,1
DA:53,1
DA:54,1
DA:55,1
DA:56,1
DA:57,1
DA:58,1
DA:59,1
DA:60,1
DA:61,1
DA:62,1
DA:63,1
DA:64,1
LF:64
LH:62
BRDA:64,0,0,1
BRDA:64,1,0,1
BRDA:64,2,0,0
BRDA:64,3,0,0
BRDA:64,4,0,0
BRDA:64,5,0,0
BRDA:64,6,0,1
BRDA:64,7,0,3
BRDA:64,8,0,3
BRDA:64,9,0,1
BRDA:64,10,0,1
BRDA:64,11,0,0
BRDA:64,12,0,1
BRDA:64,13,0,1
BRDA:64,14,0,0
BRDA:64,15,0,1
BRDA:64,16,0,0
BRDA:64,17,0,1
BRDA:64,18,0,1
BRDA:64,19,0,0
BRDA:64,20,0,3
BRDA:64,21,0,2
BRDA:64,22,0,2
BRDA:64,23,0,0
BRDA:64,24,0,4
BRDA:64,25,0,0
BRDA:64,26,0,0
BRDA:64,27,0,0
BRDA:64,28,0,0
BRDA:64,29,0,2
BRDA:64,30,0,2
BRDA:64,31,0,0
BRDA:64,32,0,1
BRDA:64,33,0,0
BRDA:64,34,0,1
BRDA:64,35,0,0
BRDA:64,36,0,0
BRDA:64,37,0,0
BRDA:64,38,0,0
BRDA:64,39,0,0
BRDA:64,40,0,0
BRDA:64,41,0,0
BRDA:64,42,0,2
BRDA:64,43,0,1
BRDA:64,44,0,2
BRDA:64,45,0,1
BRDA:64,46,0,0
BRDA:64,47,0,0
BRDA:64,48,0,2
BRDA:64,49,0,1
BRDA:64,50,0,1
BRDA:13,51,0,1
BRDA:20,52,0,1
BRDA:35,53,0,1
BRDA:64,54,0,1
BRDA:64,55,0,2
BRDA:36,56,0,1
BRDA:64,57,0,0
BRDA:64,58,0,1
BRDA:40,59,0,0
BRDA:64,60,0,0
BRF:61
BRH:34
end_of_record
TN:
SF:src/modules/users/services/UpdateUserAvatarService.ts
FN:50,__decorate
FN:50,__metadata
FN:50,__param
FN:50,__awaiter
FN:50,adopt
FN:50,fulfilled
FN:50,rejected
FN:50,step
FN:50,__generator
FN:50,sent
FN:50,Symbol.function.g.(anonymous function)
FN:50,verb
FN:50,step
FN:50,__importDefault
FN:19,UpdateUserAvatarService
FN:30,UpdateUserAvatarService.execute
FNF:16
FNH:14
FNDA:1,__decorate
FNDA:1,__metadata
FNDA:2,__param
FNDA:4,__awaiter
FNDA:11,adopt
FNDA:11,fulfilled
FNDA:0,rejected
FNDA:14,step
FNDA:4,__generator
FNDA:11,sent
FNDA:0,Symbol.function.g.(anonymous function)
FNDA:12,verb
FNDA:15,step
FNDA:1,__importDefault
FNDA:3,UpdateUserAvatarService
FNDA:4,UpdateUserAvatarService.execute
DA:1,1
DA:2,1
DA:3,1
DA:4,1
DA:5,1
DA:6,1
DA:7,1
DA:8,1
DA:9,1
DA:10,1
DA:11,1
DA:12,1
DA:13,1
DA:14,1
DA:15,1
DA:16,1
DA:17,1
DA:18,1
DA:19,1
DA:20,3
DA:21,3
DA:22,3
DA:23,3
DA:24,3
DA:25,3
DA:26,3
DA:27,3
DA:28,3
DA:29,1
DA:30,1
DA:31,4
DA:32,4
DA:33,4
DA:34,1
DA:35,1
DA:36,3
DA:37,3
DA:38,1
DA:39,4
DA:40,4
DA:41,4
DA:42,4
DA:43,4
DA:44,4
DA:45,4
DA:46,4
DA:47,4
DA:48,1
DA:49,1
DA:50,1
LF:50
LH:50
BRDA:50,0,0,1
BRDA:50,1,0,1
BRDA:50,2,0,0
BRDA:50,3,0,0
BRDA:50,4,0,0
BRDA:50,5,0,0
BRDA:50,6,0,1
BRDA:50,7,0,2
BRDA:50,8,0,2
BRDA:50,9,0,4
BRDA:50,10,0,11
BRDA:50,11,0,0
BRDA:50,12,0,4
BRDA:50,13,0,11
BRDA:50,14,0,10
BRDA:50,15,0,1
BRDA:50,16,0,14
BRDA:50,17,0,3
BRDA:50,18,0,11
BRDA:50,19,0,4
BRDA:50,20,0,11
BRDA:50,21,0,0
BRDA:50,22,0,12
BRDA:50,23,0,15
BRDA:50,24,0,15
BRDA:50,25,0,0
BRDA:50,26,0,32
BRDA:50,27,0,0
BRDA:50,28,0,0
BRDA:50,29,0,0
BRDA:50,30,0,0
BRDA:50,31,0,15
BRDA:50,32,0,15
BRDA:50,33,0,0
BRDA:50,34,0,11
BRDA:50,35,0,0
BRDA:50,36,0,6
BRDA:50,37,0,0
BRDA:50,38,0,5
BRDA:50,39,0,4
BRDA:50,40,0,2
BRDA:50,41,0,0
BRDA:50,42,0,2
BRDA:50,43,0,0
BRDA:50,44,0,0
BRDA:50,45,0,0
BRDA:50,46,0,0
BRDA:50,47,0,17
BRDA:50,48,0,16
BRDA:50,49,0,1
BRDA:50,50,0,17
BRDA:50,51,0,4
BRDA:50,52,0,1
BRDA:50,53,0,3
BRDA:50,54,0,0
BRDA:50,55,0,1
BRDA:50,56,0,0
BRDA:14,57,0,1
BRDA:19,58,0,3
BRDA:30,59,0,4
BRDA:50,60,0,4
BRDA:50,61,0,17
BRDA:31,62,0,4
BRDA:50,63,0,0
BRDA:50,64,0,4
BRDA:33,65,0,1
BRDA:35,66,0,3
BRDA:37,67,0,2
BRDA:37,68,0,1
BRDA:50,69,0,0
BRDA:50,70,0,1
BRDA:41,71,0,3
BRDA:50,72,0,0
BRDA:50,73,0,3
BRDA:50,74,0,0
BRDA:50,75,0,3
BRDA:50,76,0,0
BRF:77
BRH:51
end_of_record
