TN:
SF:src/modules/appointments/services/CreateAppointmentService.ts
FN:70,__decorate
FN:70,__metadata
FN:70,__param
FN:70,__awaiter
FN:70,adopt
FN:70,fulfilled
FN:70,rejected
FN:70,step
FN:70,__generator
FN:70,sent
FN:70,Symbol.function.g.(anonymous function)
FN:70,verb
FN:70,step
FN:70,__importDefault
FN:22,CreateAppointmentService
FN:32,CreateAppointmentService.execute
FNF:16
FNH:14
FNDA:1,__decorate
FNDA:1,__metadata
FNDA:2,__param
FNDA:7,__awaiter
FNDA:7,adopt
FNDA:7,fulfilled
FNDA:0,rejected
FNDA:9,step
FNDA:7,__generator
FNDA:7,sent
FNDA:0,Symbol.function.g.(anonymous function)
FNDA:21,verb
FNDA:14,step
FNDA:1,__importDefault
FNDA:5,CreateAppointmentService
FNDA:7,CreateAppointmentService.execute
DA:1,1
DA:2,1
DA:3,1
DA:4,1
DA:5,1
DA:6,1
DA:7,1
DA:8,1
DA:9,1
DA:10,1
DA:11,1
DA:12,1
DA:13,1
DA:14,1
DA:15,1
DA:16,1
DA:17,1
DA:18,1
DA:19,1
DA:20,1
DA:21,1
DA:22,1
DA:23,5
DA:24,5
DA:25,5
DA:26,5
DA:27,5
DA:28,5
DA:29,5
DA:30,5
DA:31,1
DA:32,1
DA:33,7
DA:34,7
DA:35,7
DA:36,3
DA:37,3
DA:38,4
DA:39,7
DA:40,1
DA:41,1
DA:42,3
DA:43,7
DA:44,0
DA:45,0
DA:46,3
DA:47,3
DA:48,7
DA:49,7
DA:50,1
DA:51,1
DA:52,2
DA:53,2
DA:54,2
DA:55,2
DA:56,2
DA:57,2
DA:58,7
DA:59,7
DA:60,7
DA:61,7
DA:62,7
DA:63,7
DA:64,7
DA:65,7
DA:66,7
DA:67,7
DA:68,1
DA:69,1
DA:70,1
LF:70
LH:68
BRDA:70,0,0,1
BRDA:70,1,0,1
BRDA:70,2,0,0
BRDA:70,3,0,0
BRDA:70,4,0,0
BRDA:70,5,0,0
BRDA:70,6,0,1
BRDA:70,7,0,2
BRDA:70,8,0,2
BRDA:70,9,0,7
BRDA:70,10,0,7
BRDA:70,11,0,0
BRDA:70,12,0,7
BRDA:70,13,0,7
BRDA:70,14,0,6
BRDA:70,15,0,1
BRDA:70,16,0,9
BRDA:70,17,0,2
BRDA:70,18,0,7
BRDA:70,19,0,7
BRDA:70,20,0,7
BRDA:70,21,0,0
BRDA:70,22,0,21
BRDA:70,23,0,14
BRDA:70,24,0,14
BRDA:70,25,0,0
BRDA:70,26,0,28
BRDA:70,27,0,0
BRDA:70,28,0,0
BRDA:70,29,0,0
BRDA:70,30,0,0
BRDA:70,31,0,14
BRDA:70,32,0,14
BRDA:70,33,0,0
BRDA:70,34,0,7
BRDA:70,35,0,0
BRDA:70,36,0,7
BRDA:70,37,0,0
BRDA:70,38,0,2
BRDA:70,39,0,0
BRDA:70,40,0,0
BRDA:70,41,0,0
BRDA:70,42,0,0
BRDA:70,43,0,0
BRDA:70,44,0,14
BRDA:70,45,0,9
BRDA:70,46,0,5
BRDA:70,47,0,14
BRDA:70,48,0,7
BRDA:70,49,0,5
BRDA:70,50,0,2
BRDA:70,51,0,0
BRDA:70,52,0,1
BRDA:70,53,0,0
BRDA:17,54,0,1
BRDA:22,55,0,5
BRDA:32,56,0,7
BRDA:70,57,0,7
BRDA:70,58,0,14
BRDA:70,59,0,7
BRDA:35,60,0,3
BRDA:37,61,0,4
BRDA:39,62,0,1
BRDA:41,63,0,3
BRDA:43,64,0,0
BRDA:45,65,0,3
BRDA:70,66,0,0
BRDA:70,67,0,3
BRDA:49,68,0,1
BRDA:51,69,0,2
BRDA:70,70,0,0
BRDA:70,71,0,2
BRDA:70,72,0,0
BRDA:70,73,0,2
BRDA:70,74,0,0
BRF:75
BRH:49
end_of_record
TN:
SF:src/modules/appointments/services/ListProviderAppointmentsService.ts
FN:37,__decorate
FN:37,__metadata
FN:37,__param
FN:37,__awaiter
FN:37,adopt
FN:37,fulfilled
FN:37,rejected
FN:37,step
FN:37,__generator
FN:37,sent
FN:37,Symbol.function.g.(anonymous function)
FN:37,verb
FN:37,step
FN:16,ListProviderAppointmentsService
FN:23,ListProviderAppointmentsService.execute
FNF:15
FNH:10
FNDA:1,__decorate
FNDA:1,__metadata
FNDA:1,__param
FNDA:1,__awaiter
FNDA:0,adopt
FNDA:0,fulfilled
FNDA:0,rejected
FNDA:1,step
FNDA:1,__generator
FNDA:0,sent
FNDA:0,Symbol.function.g.(anonymous function)
FNDA:3,verb
FNDA:1,step
FNDA:1,ListProviderAppointmentsService
FNDA:1,ListProviderAppointmentsService.execute
DA:1,1
DA:2,1
DA:3,1
DA:4,1
DA:5,1
DA:6,1
DA:7,1
DA:8,1
DA:9,1
DA:10,1
DA:11,1
DA:12,1
DA:13,1
DA:14,1
DA:15,1
DA:16,1
DA:17,1
DA:18,1
DA:19,1
DA:20,1
DA:21,1
DA:22,1
DA:23,1
DA:24,1
DA:25,1
DA:26,1
DA:27,1
DA:28,1
DA:29,1
DA:30,1
DA:31,1
DA:32,1
DA:33,1
DA:34,1
DA:35,1
DA:36,1
DA:37,1
LF:37
LH:37
BRDA:37,0,0,1
BRDA:37,1,0,1
BRDA:37,2,0,0
BRDA:37,3,0,0
BRDA:37,4,0,0
BRDA:37,5,0,0
BRDA:37,6,0,1
BRDA:37,7,0,1
BRDA:37,8,0,1
BRDA:37,9,0,1
BRDA:37,10,0,1
BRDA:37,11,0,1
BRDA:37,12,0,0
BRDA:37,13,0,1
BRDA:37,14,0,3
BRDA:37,15,0,1
BRDA:37,16,0,1
BRDA:37,17,0,0
BRDA:37,18,0,2
BRDA:37,19,0,0
BRDA:37,20,0,0
BRDA:37,21,0,0
BRDA:37,22,0,0
BRDA:37,23,0,1
BRDA:37,24,0,1
BRDA:37,25,0,0
BRDA:37,26,0,1
BRDA:37,27,0,0
BRDA:37,28,0,0
BRDA:37,29,0,0
BRDA:37,30,0,0
BRDA:37,31,0,0
BRDA:37,32,0,0
BRDA:37,33,0,1
BRDA:37,34,0,0
BRDA:37,35,0,1
BRDA:37,36,0,0
BRDA:37,37,0,0
BRDA:13,38,0,1
BRDA:16,39,0,1
BRDA:23,40,0,1
BRDA:37,41,0,1
BRDA:37,42,0,1
BRF:43
BRH:23
end_of_record
TN:
SF:src/modules/appointments/services/ListProviderDayAvailabilityService.ts
FN:63,__decorate
FN:63,__metadata
FN:63,__param
FN:63,__awaiter
FN:63,adopt
FN:63,fulfilled
FN:63,rejected
FN:63,step
FN:63,__generator
FN:63,sent
FN:63,Symbol.function.g.(anonymous function)
FN:63,verb
FN:63,step
FN:21,ListProviderDayAvailabilityService
FN:28,ListProviderDayAvailabilityService.execute
FNF:15
FNH:13
FNDA:1,__decorate
FNDA:1,__metadata
FNDA:1,__param
FNDA:1,__awaiter
FNDA:1,adopt
FNDA:1,fulfilled
FNDA:0,rejected
FNDA:2,step
FNDA:1,__generator
FNDA:1,sent
FNDA:0,Symbol.function.g.(anonymous function)
FNDA:3,verb
FNDA:2,step
FNDA:1,ListProviderDayAvailabilityService
FNDA:1,ListProviderDayAvailabilityService.execute
DA:1,1
DA:2,1
DA:3,1
DA:4,1
DA:5,1
DA:6,1
DA:7,1
DA:8,1
DA:9,1
DA:10,1
DA:11,1
DA:12,1
DA:13,1
DA:14,1
DA:15,1
DA:16,1
DA:17,1
DA:18,1
DA:19,1
DA:20,1
DA:21,1
DA:22,1
DA:23,1
DA:24,1
DA:25,1
DA:26,1
DA:27,1
DA:28,1
DA:29,1
DA:30,1
DA:31,1
DA:32,1
DA:33,1
DA:34,1
DA:35,1
DA:36,1
DA:37,1
DA:38,1
DA:39,1
DA:40,1
DA:41,1
DA:42,1
DA:43,1
DA:44,1
DA:45,1
DA:46,10
DA:47,10
DA:48,10
DA:49,10
DA:50,10
DA:51,10
DA:52,10
DA:53,10
DA:54,10
DA:55,10
DA:56,10
DA:57,1
DA:58,1
DA:59,1
DA:60,1
DA:61,1
DA:62,1
DA:63,1
LF:63
LH:63
BRDA:63,0,0,1
BRDA:63,1,0,1
BRDA:63,2,0,0
BRDA:63,3,0,0
BRDA:63,4,0,0
BRDA:63,5,0,0
BRDA:63,6,0,1
BRDA:63,7,0,1
BRDA:63,8,0,1
BRDA:63,9,0,1
BRDA:63,10,0,1
BRDA:63,11,0,0
BRDA:63,12,0,1
BRDA:63,13,0,1
BRDA:63,14,0,0
BRDA:63,15,0,2
BRDA:63,16,0,1
BRDA:63,17,0,1
BRDA:63,18,0,1
BRDA:63,19,0,1
BRDA:63,20,0,0
BRDA:63,21,0,3
BRDA:63,22,0,2
BRDA:63,23,0,2
BRDA:63,24,0,0
BRDA:63,25,0,4
BRDA:63,26,0,0
BRDA:63,27,0,0
BRDA:63,28,0,0
BRDA:63,29,0,0
BRDA:63,30,0,2
BRDA:63,31,0,2
BRDA:63,32,0,0
BRDA:63,33,0,1
BRDA:63,34,0,0
BRDA:63,35,0,1
BRDA:63,36,0,0
BRDA:63,37,0,0
BRDA:63,38,0,0
BRDA:63,39,0,0
BRDA:63,40,0,0
BRDA:63,41,0,0
BRDA:63,42,0,2
BRDA:63,43,0,0
BRDA:63,44,0,2
BRDA:63,45,0,1
BRDA:63,46,0,0
BRDA:63,47,0,1
BRDA:63,48,0,0
BRDA:18,49,0,1
BRDA:21,50,0,1
BRDA:28,51,0,1
BRDA:63,52,0,1
BRDA:63,53,0,2
BRDA:31,54,0,1
BRDA:63,55,0,0
BRDA:63,56,0,1
BRDA:63,57,0,0
BRDA:43,58,0,10
BRDA:45,59,0,10
BRDA:55,60,0,8
BRDA:47,61,0,19
BRF:62
BRH:37
end_of_record
TN:
SF:src/modules/appointments/services/ListProviderMonthAvailabilityService.ts
FN:56,__decorate
FN:56,__metadata
FN:56,__param
FN:56,__awaiter
FN:56,adopt
FN:56,fulfilled
FN:56,rejected
FN:56,step
FN:56,__generator
FN:56,sent
FN:56,Symbol.function.g.(anonymous function)
FN:56,verb
FN:56,step
FN:21,ListProviderMonthAvailabilityService
FN:28,ListProviderMonthAvailabilityService.execute
FNF:15
FNH:13
FNDA:1,__decorate
FNDA:1,__metadata
FNDA:1,__param
FNDA:1,__awaiter
FNDA:1,adopt
FNDA:1,fulfilled
FNDA:0,rejected
FNDA:2,step
FNDA:1,__generator
FNDA:1,sent
FNDA:0,Symbol.function.g.(anonymous function)
FNDA:3,verb
FNDA:2,step
FNDA:1,ListProviderMonthAvailabilityService
FNDA:1,ListProviderMonthAvailabilityService.execute
DA:1,1
DA:2,1
DA:3,1
DA:4,1
DA:5,1
DA:6,1
DA:7,1
DA:8,1
DA:9,1
DA:10,1
DA:11,1
DA:12,1
DA:13,1
DA:14,1
DA:15,1
DA:16,1
DA:17,1
DA:18,1
DA:19,1
DA:20,1
DA:21,1
DA:22,1
DA:23,1
DA:24,1
DA:25,1
DA:26,1
DA:27,1
DA:28,1
DA:29,1
DA:30,1
DA:31,1
DA:32,1
DA:33,1
DA:34,1
DA:35,1
DA:36,1
DA:37,1
DA:38,1
DA:39,1
DA:40,1
DA:41,1
DA:42,1
DA:43,30
DA:44,30
DA:45,30
DA:46,30
DA:47,30
DA:48,30
DA:49,30
DA:50,1
DA:51,1
DA:52,1
DA:53,1
DA:54,1
DA:55,1
DA:56,1
LF:56
LH:56
BRDA:56,0,0,1
BRDA:56,1,0,1
BRDA:56,2,0,0
BRDA:56,3,0,0
BRDA:56,4,0,0
BRDA:56,5,0,0
BRDA:56,6,0,1
BRDA:56,7,0,1
BRDA:56,8,0,1
BRDA:56,9,0,1
BRDA:56,10,0,1
BRDA:56,11,0,0
BRDA:56,12,0,1
BRDA:56,13,0,1
BRDA:56,14,0,0
BRDA:56,15,0,2
BRDA:56,16,0,1
BRDA:56,17,0,1
BRDA:56,18,0,1
BRDA:56,19,0,1
BRDA:56,20,0,0
BRDA:56,21,0,3
BRDA:56,22,0,2
BRDA:56,23,0,2
BRDA:56,24,0,0
BRDA:56,25,0,4
BRDA:56,26,0,0
BRDA:56,27,0,0
BRDA:56,28,0,0
BRDA:56,29,0,0
BRDA:56,30,0,2
BRDA:56,31,0,2
BRDA:56,32,0,0
BRDA:56,33,0,1
BRDA:56,34,0,0
BRDA:56,35,0,1
BRDA:56,36,0,0
BRDA:56,37,0,0
BRDA:56,38,0,0
BRDA:56,39,0,0
BRDA:56,40,0,0
BRDA:56,41,0,0
BRDA:56,42,0,2
BRDA:56,43,0,0
BRDA:56,44,0,2
BRDA:56,45,0,1
BRDA:56,46,0,0
BRDA:56,47,0,1
BRDA:56,48,0,0
BRDA:18,49,0,1
BRDA:21,50,0,1
BRDA:28,51,0,1
BRDA:56,52,0,1
BRDA:56,53,0,2
BRDA:29,54,0,1
BRDA:56,55,0,0
BRDA:56,56,0,1
BRDA:56,57,0,0
BRDA:39,58,0,30
BRDA:42,59,0,30
BRDA:44,60,0,360
BRF:61
BRH:36
end_of_record
TN:
SF:src/modules/appointments/services/ListProviderService.ts
FN:28,__decorate
FN:28,__metadata
FN:28,__param
FN:28,__awaiter
FN:28,adopt
FN:28,fulfilled
FN:28,rejected
FN:28,step
FN:28,__generator
FN:28,sent
FN:28,Symbol.function.g.(anonymous function)
FN:28,verb
FN:28,step
FN:14,ListProviderService
FN:21,ListProviderService.execute
FNF:15
FNH:13
FNDA:1,__decorate
FNDA:1,__metadata
FNDA:1,__param
FNDA:1,__awaiter
FNDA:1,adopt
FNDA:1,fulfilled
FNDA:0,rejected
FNDA:2,step
FNDA:1,__generator
FNDA:1,sent
FNDA:0,Symbol.function.g.(anonymous function)
FNDA:3,verb
FNDA:2,step
FNDA:1,ListProviderService
FNDA:1,ListProviderService.execute
DA:1,1
DA:2,1
DA:3,1
DA:4,1
DA:5,1
DA:6,1
DA:7,1
DA:8,1
DA:9,1
DA:10,1
DA:11,1
DA:12,1
DA:13,1
DA:14,1
DA:15,1
DA:16,1
DA:17,1
DA:18,1
DA:19,1
DA:20,1
DA:21,1
DA:22,1
DA:23,1
DA:24,1
DA:25,1
DA:26,1
DA:27,1
DA:28,1
LF:28
LH:28
BRDA:28,0,0,1
BRDA:28,1,0,1
BRDA:28,2,0,0
BRDA:28,3,0,0
BRDA:28,4,0,0
BRDA:28,5,0,0
BRDA:28,6,0,1
BRDA:28,7,0,1
BRDA:28,8,0,1
BRDA:28,9,0,1
BRDA:28,10,0,1
BRDA:28,11,0,0
BRDA:28,12,0,1
BRDA:28,13,0,1
BRDA:28,14,0,0
BRDA:28,15,0,2
BRDA:28,16,0,1
BRDA:28,17,0,1
BRDA:28,18,0,1
BRDA:28,19,0,1
BRDA:28,20,0,0
BRDA:28,21,0,3
BRDA:28,22,0,2
BRDA:28,23,0,2
BRDA:28,24,0,0
BRDA:28,25,0,4
BRDA:28,26,0,0
BRDA:28,27,0,0
BRDA:28,28,0,0
BRDA:28,29,0,0
BRDA:28,30,0,2
BRDA:28,31,0,2
BRDA:28,32,0,0
BRDA:28,33,0,1
BRDA:28,34,0,0
BRDA:28,35,0,1
BRDA:28,36,0,0
BRDA:28,37,0,0
BRDA:28,38,0,0
BRDA:28,39,0,0
BRDA:28,40,0,0
BRDA:28,41,0,0
BRDA:28,42,0,2
BRDA:28,43,0,0
BRDA:28,44,0,2
BRDA:28,45,0,1
BRDA:28,46,0,0
BRDA:28,47,0,1
BRDA:28,48,0,0
BRDA:11,49,0,1
BRDA:14,50,0,1
BRDA:21,51,0,1
BRDA:28,52,0,1
BRDA:28,53,0,2
BRDA:22,54,0,1
BRDA:28,55,0,0
BRDA:28,56,0,1
BRDA:28,57,0,0
BRF:58
BRH:33
end_of_record
TN:
SF:src/modules/users/services/AuthenticateUserService.ts
FN:60,__decorate
FN:60,__metadata
FN:60,__param
FN:60,__awaiter
FN:60,adopt
FN:60,fulfilled
FN:60,rejected
FN:60,step
FN:60,__generator
FN:60,sent
FN:60,Symbol.function.g.(anonymous function)
FN:60,verb
FN:60,step
FN:60,__importDefault
FN:25,AuthenticateUserService
FN:35,AuthenticateUserService.execute
FNF:16
FNH:14
FNDA:1,__decorate
FNDA:1,__metadata
FNDA:2,__param
FNDA:3,__awaiter
FNDA:5,adopt
FNDA:5,fulfilled
FNDA:0,rejected
FNDA:6,step
FNDA:3,__generator
FNDA:5,sent
FNDA:0,Symbol.function.g.(anonymous function)
FNDA:9,verb
FNDA:8,step
FNDA:2,__importDefault
FNDA:3,AuthenticateUserService
FNDA:3,AuthenticateUserService.execute
DA:1,1
DA:2,1
DA:3,1
DA:4,1
DA:5,1
DA:6,1
DA:7,1
DA:8,1
DA:9,1
DA:10,1
DA:11,1
DA:12,1
DA:13,1
DA:14,1
DA:15,1
DA:16,1
DA:17,1
DA:18,1
DA:19,1
DA:20,1
DA:21,1
DA:22,1
DA:23,1
DA:24,1
DA:25,1
DA:26,3
DA:27,3
DA:28,3
DA:29,3
DA:30,3
DA:31,3
DA:32,3
DA:33,3
DA:34,1
DA:35,1
DA:36,3
DA:37,3
DA:38,3
DA:39,1
DA:40,1
DA:41,2
DA:42,2
DA:43,3
DA:44,3
DA:45,1
DA:46,1
DA:47,1
DA:48,1
DA:49,1
DA:50,1
DA:51,1
DA:52,1
DA:53,1
DA:54,1
DA:55,1
DA:56,1
DA:57,3
DA:58,1
DA:59,1
DA:60,1
LF:60
LH:60
BRDA:60,0,0,1
BRDA:60,1,0,1
BRDA:60,2,0,0
BRDA:60,3,0,0
BRDA:60,4,0,0
BRDA:60,5,0,0
BRDA:60,6,0,1
BRDA:60,7,0,2
BRDA:60,8,0,2
BRDA:60,9,0,3
BRDA:60,10,0,5
BRDA:60,11,0,0
BRDA:60,12,0,3
BRDA:60,13,0,5
BRDA:60,14,0,3
BRDA:60,15,0,2
BRDA:60,16,0,6
BRDA:60,17,0,1
BRDA:60,18,0,5
BRDA:60,19,0,3
BRDA:60,20,0,5
BRDA:60,21,0,0
BRDA:60,22,0,9
BRDA:60,23,0,8
BRDA:60,24,0,8
BRDA:60,25,0,0
BRDA:60,26,0,16
BRDA:60,27,0,0
BRDA:60,28,0,0
BRDA:60,29,0,0
BRDA:60,30,0,0
BRDA:60,31,0,8
BRDA:60,32,0,8
BRDA:60,33,0,0
BRDA:60,34,0,5
BRDA:60,35,0,0
BRDA:60,36,0,3
BRDA:60,37,0,0
BRDA:60,38,0,1
BRDA:60,39,0,0
BRDA:60,40,0,0
BRDA:60,41,0,0
BRDA:60,42,0,0
BRDA:60,43,0,0
BRDA:60,44,0,8
BRDA:60,45,0,6
BRDA:60,46,0,2
BRDA:60,47,0,8
BRDA:60,48,0,3
BRDA:60,49,0,2
BRDA:60,50,0,1
BRDA:60,51,0,0
BRDA:60,52,0,2
BRDA:60,53,0,0
BRDA:20,54,0,1
BRDA:25,55,0,3
BRDA:35,56,0,3
BRDA:60,57,0,3
BRDA:60,58,0,8
BRDA:36,59,0,3
BRDA:60,60,0,0
BRDA:60,61,0,3
BRDA:38,62,0,1
BRDA:40,63,0,2
BRDA:60,64,0,0
BRDA:60,65,0,2
BRDA:44,66,0,1
BRDA:60,67,0,0
BRF:68
BRH:44
end_of_record
TN:
SF:src/modules/users/services/CreateUserService.ts
FN:48,__decorate
FN:48,__metadata
FN:48,__param
FN:48,__awaiter
FN:48,adopt
FN:48,fulfilled
FN:48,rejected
FN:48,step
FN:48,__generator
FN:48,sent
FN:48,Symbol.function.g.(anonymous function)
FN:48,verb
FN:48,step
FN:48,__importDefault
FN:19,CreateUserService
FN:29,CreateUserService.execute
FNF:16
FNH:14
FNDA:2,__decorate
FNDA:2,__metadata
FNDA:4,__param
FNDA:6,__awaiter
FNDA:16,adopt
FNDA:16,fulfilled
FNDA:0,rejected
FNDA:21,step
FNDA:6,__generator
FNDA:16,sent
FNDA:0,Symbol.function.g.(anonymous function)
FNDA:18,verb
FNDA:22,step
FNDA:2,__importDefault
FNDA:5,CreateUserService
FNDA:6,CreateUserService.execute
DA:1,1
DA:2,1
DA:3,1
DA:4,1
DA:5,1
DA:6,1
DA:7,1
DA:8,1
DA:9,1
DA:10,1
DA:11,1
DA:12,1
DA:13,1
DA:14,2
DA:15,2
DA:16,2
DA:17,2
DA:18,2
DA:19,2
DA:20,5
DA:21,5
DA:22,5
DA:23,5
DA:24,5
DA:25,5
DA:26,5
DA:27,5
DA:28,2
DA:29,2
DA:30,6
DA:31,6
DA:32,6
DA:33,1
DA:34,1
DA:35,5
DA:36,5
DA:37,6
DA:38,6
DA:39,6
DA:40,6
DA:41,6
DA:42,6
DA:43,6
DA:44,6
DA:45,6
DA:46,2
DA:47,1
DA:48,1
LF:48
LH:48
BRDA:48,0,0,2
BRDA:48,1,0,2
BRDA:48,2,0,0
BRDA:48,3,0,0
BRDA:48,4,0,0
BRDA:48,5,0,0
BRDA:48,6,0,2
BRDA:48,7,0,4
BRDA:48,8,0,4
BRDA:48,9,0,6
BRDA:48,10,0,16
BRDA:48,11,0,0
BRDA:48,12,0,6
BRDA:48,13,0,16
BRDA:48,14,0,15
BRDA:48,15,0,1
BRDA:48,16,0,21
BRDA:48,17,0,5
BRDA:48,18,0,16
BRDA:48,19,0,6
BRDA:48,20,0,16
BRDA:48,21,0,0
BRDA:48,22,0,18
BRDA:48,23,0,22
BRDA:48,24,0,22
BRDA:48,25,0,0
BRDA:48,26,0,44
BRDA:48,27,0,0
BRDA:48,28,0,0
BRDA:48,29,0,0
BRDA:48,30,0,0
BRDA:48,31,0,22
BRDA:48,32,0,22
BRDA:48,33,0,0
BRDA:48,34,0,16
BRDA:48,35,0,0
BRDA:48,36,0,6
BRDA:48,37,0,0
BRDA:48,38,0,5
BRDA:48,39,0,0
BRDA:48,40,0,0
BRDA:48,41,0,0
BRDA:48,42,0,0
BRDA:48,43,0,0
BRDA:48,44,0,32
BRDA:48,45,0,22
BRDA:48,46,0,21
BRDA:48,47,0,1
BRDA:48,48,0,22
BRDA:48,49,0,6
BRDA:48,50,0,1
BRDA:48,51,0,5
BRDA:48,52,0,0
BRDA:48,53,0,2
BRDA:48,54,0,0
BRDA:14,55,0,2
BRDA:19,56,0,5
BRDA:29,57,0,6
BRDA:48,58,0,6
BRDA:48,59,0,22
BRDA:30,60,0,6
BRDA:48,61,0,0
BRDA:48,62,0,6
BRDA:32,63,0,1
BRDA:34,64,0,5
BRDA:48,65,0,0
BRDA:48,66,0,5
BRDA:48,67,0,0
BRDA:48,68,0,5
BRDA:48,69,0,0
BRF:70
BRH:45
end_of_record
TN:
SF:src/modules/users/services/ProfileService.ts
FN:33,__decorate
FN:33,__metadata
FN:33,__param
FN:33,__awaiter
FN:33,adopt
FN:33,fulfilled
FN:33,rejected
FN:33,step
FN:33,__generator
FN:33,sent
FN:33,Symbol.function.g.(anonymous function)
FN:33,verb
FN:33,step
FN:33,__importDefault
FN:15,ProfileService
FN:22,ProfileService.execute
FNF:16
FNH:14
FNDA:1,__decorate
FNDA:1,__metadata
FNDA:1,__param
FNDA:2,__awaiter
FNDA:2,adopt
FNDA:2,fulfilled
FNDA:0,rejected
FNDA:3,step
FNDA:2,__generator
FNDA:2,sent
FNDA:0,Symbol.function.g.(anonymous function)
FNDA:6,verb
FNDA:4,step
FNDA:1,__importDefault
FNDA:2,ProfileService
FNDA:2,ProfileService.execute
DA:1,1
DA:2,1
DA:3,1
DA:4,1
DA:5,1
DA:6,1
DA:7,1
DA:8,1
DA:9,1
DA:10,1
DA:11,1
DA:12,1
DA:13,1
DA:14,1
DA:15,1
DA:16,2
DA:17,2
DA:18,2
DA:19,2
DA:20,2
DA:21,1
DA:22,1
DA:23,2
DA:24,2
DA:25,2
DA:26,1
DA:27,1
DA:28,1
DA:29,1
DA:30,2
DA:31,1
DA:32,1
DA:33,1
LF:33
LH:33
BRDA:33,0,0,1
BRDA:33,1,0,1
BRDA:33,2,0,0
BRDA:33,3,0,0
BRDA:33,4,0,0
BRDA:33,5,0,0
BRDA:33,6,0,1
BRDA:33,7,0,1
BRDA:33,8,0,1
BRDA:33,9,0,2
BRDA:33,10,0,2
BRDA:33,11,0,0
BRDA:33,12,0,2
BRDA:33,13,0,2
BRDA:33,14,0,1
BRDA:33,15,0,3
BRDA:33,16,0,1
BRDA:33,17,0,2
BRDA:33,18,0,2
BRDA:33,19,0,2
BRDA:33,20,0,0
BRDA:33,21,0,6
BRDA:33,22,0,4
BRDA:33,23,0,4
BRDA:33,24,0,0
BRDA:33,25,0,8
BRDA:33,26,0,0
BRDA:33,27,0,0
BRDA:33,28,0,0
BRDA:33,29,0,0
BRDA:33,30,0,4
BRDA:33,31,0,4
BRDA:33,32,0,0
BRDA:33,33,0,2
BRDA:33,34,0,0
BRDA:33,35,0,2
BRDA:33,36,0,0
BRDA:33,37,0,1
BRDA:33,38,0,0
BRDA:33,39,0,0
BRDA:33,40,0,0
BRDA:33,41,0,0
BRDA:33,42,0,0
BRDA:33,43,0,4
BRDA:33,44,0,3
BRDA:33,45,0,1
BRDA:33,46,0,4
BRDA:33,47,0,2
BRDA:33,48,0,1
BRDA:33,49,0,0
BRDA:33,50,0,1
BRDA:33,51,0,0
BRDA:12,52,0,1
BRDA:15,53,0,2
BRDA:22,54,0,2
BRDA:33,55,0,2
BRDA:33,56,0,4
BRDA:23,57,0,2
BRDA:33,58,0,0
BRDA:33,59,0,2
BRDA:25,60,0,1
BRDA:33,61,0,0
BRF:62
BRH:39
end_of_record
TN:
SF:src/modules/users/services/ResetPasswordService.ts
FN:61,__decorate
FN:61,__metadata
FN:61,__param
FN:61,__awaiter
FN:61,adopt
FN:61,fulfilled
FN:61,rejected
FN:61,step
FN:61,__generator
FN:61,sent
FN:61,Symbol.function.g.(anonymous function)
FN:61,verb
FN:61,step
FN:61,__importDefault
FN:21,ResetPasswordService
FN:36,ResetPasswordService.execute
FNF:16
FNH:14
FNDA:1,__decorate
FNDA:1,__metadata
FNDA:3,__param
FNDA:4,__awaiter
FNDA:9,adopt
FNDA:9,fulfilled
FNDA:0,rejected
FNDA:10,step
FNDA:4,__generator
FNDA:9,sent
FNDA:0,Symbol.function.g.(anonymous function)
FNDA:12,verb
FNDA:13,step
FNDA:1,__importDefault
FNDA:4,ResetPasswordService
FNDA:4,ResetPasswordService.execute
DA:1,1
DA:2,1
DA:3,1
DA:4,1
DA:5,1
DA:6,1
DA:7,1
DA:8,1
DA:9,1
DA:10,1
DA:11,1
DA:12,1
DA:13,1
DA:14,1
DA:15,1
DA:16,1
DA:17,1
DA:18,1
DA:19,1
DA:20,1
DA:21,1
DA:22,4
DA:23,4
DA:24,4
DA:25,4
DA:26,4
DA:27,4
DA:28,4
DA:29,4
DA:30,4
DA:31,4
DA:32,4
DA:33,4
DA:34,4
DA:35,1
DA:36,1
DA:37,4
DA:38,4
DA:39,4
DA:40,1
DA:41,1
DA:42,3
DA:43,3
DA:44,4
DA:45,4
DA:46,1
DA:47,1
DA:48,2
DA:49,2
DA:50,2
DA:51,4
DA:52,1
DA:53,1
DA:54,1
DA:55,1
DA:56,4
DA:57,4
DA:58,4
DA:59,1
DA:60,1
DA:61,1
LF:61
LH:61
BRDA:61,0,0,1
BRDA:61,1,0,1
BRDA:61,2,0,0
BRDA:61,3,0,0
BRDA:61,4,0,0
BRDA:61,5,0,0
BRDA:61,6,0,1
BRDA:61,7,0,3
BRDA:61,8,0,3
BRDA:61,9,0,4
BRDA:61,10,0,9
BRDA:61,11,0,0
BRDA:61,12,0,4
BRDA:61,13,0,9
BRDA:61,14,0,6
BRDA:61,15,0,3
BRDA:61,16,0,10
BRDA:61,17,0,1
BRDA:61,18,0,9
BRDA:61,19,0,4
BRDA:61,20,0,9
BRDA:61,21,0,0
BRDA:61,22,0,12
BRDA:61,23,0,13
BRDA:61,24,0,13
BRDA:61,25,0,0
BRDA:61,26,0,26
BRDA:61,27,0,0
BRDA:61,28,0,0
BRDA:61,29,0,0
BRDA:61,30,0,0
BRDA:61,31,0,13
BRDA:61,32,0,13
BRDA:61,33,0,0
BRDA:61,34,0,9
BRDA:61,35,0,0
BRDA:61,36,0,4
BRDA:61,37,0,0
BRDA:61,38,0,1
BRDA:61,39,0,0
BRDA:61,40,0,0
BRDA:61,41,0,0
BRDA:61,42,0,0
BRDA:61,43,0,0
BRDA:61,44,0,13
BRDA:61,45,0,10
BRDA:61,46,0,3
BRDA:61,47,0,13
BRDA:61,48,0,4
BRDA:61,49,0,3
BRDA:61,50,0,1
BRDA:61,51,0,0
BRDA:61,52,0,1
BRDA:61,53,0,0
BRDA:14,54,0,1
BRDA:21,55,0,4
BRDA:36,56,0,4
BRDA:61,57,0,4
BRDA:61,58,0,13
BRDA:37,59,0,4
BRDA:61,60,0,0
BRDA:61,61,0,4
BRDA:39,62,0,1
BRDA:41,63,0,3
BRDA:61,64,0,0
BRDA:61,65,0,3
BRDA:45,66,0,1
BRDA:47,67,0,2
BRDA:51,68,0,1
BRDA:61,69,0,0
BRDA:61,70,0,1
BRDA:61,71,0,0
BRDA:61,72,0,1
BRDA:61,73,0,0
BRF:74
BRH:48
end_of_record
TN:
SF:src/modules/users/services/SendForgotPasswordEmailService.ts
FN:64,__decorate
FN:64,__metadata
FN:64,__param
FN:64,__awaiter
FN:64,adopt
FN:64,fulfilled
FN:64,rejected
FN:64,step
FN:64,__generator
FN:64,sent
FN:64,Symbol.function.g.(anonymous function)
FN:64,verb
FN:64,step
FN:64,__importDefault
FN:20,SendForgotPasswordEmailService
FN:35,SendForgotPasswordEmailService.execute
FNF:16
FNH:14
FNDA:1,__decorate
FNDA:1,__metadata
FNDA:3,__param
FNDA:1,__awaiter
FNDA:1,adopt
FNDA:1,fulfilled
FNDA:0,rejected
FNDA:1,step
FNDA:1,__generator
FNDA:1,sent
FNDA:0,Symbol.function.g.(anonymous function)
FNDA:3,verb
FNDA:2,step
FNDA:2,__importDefault
FNDA:1,SendForgotPasswordEmailService
FNDA:1,SendForgotPasswordEmailService.execute
DA:1,1
DA:2,1
DA:3,1
DA:4,1
DA:5,1
DA:6,1
DA:7,1
DA:8,1
DA:9,1
DA:10,1
DA:11,1
DA:12,1
DA:13,1
DA:14,1
DA:15,1
DA:16,1
DA:17,1
DA:18,1
DA:19,1
DA:20,1
DA:21,1
DA:22,1
DA:23,1
DA:24,1
DA:25,1
DA:26,1
DA:27,1
DA:28,1
DA:29,1
DA:30,1
DA:31,1
DA:32,1
DA:33,1
DA:34,1
DA:35,1
DA:36,1
DA:37,1
DA:38,1
DA:39,1
DA:40,1
DA:41,0
DA:42,0
DA:43,1
DA:44,1
DA:45,1
DA:46,1
DA:47,1
DA:48,1
DA:49,1
DA:50,1
DA:51,1
DA:52,1
DA:53,1
DA:54,1
DA:55,1
DA:56,1
DA:57,1
DA:58,1
DA:59,1
DA:60,1
DA:61,1
DA:62,1
DA:63,1
DA:64,1
LF:64
LH:62
BRDA:64,0,0,1
BRDA:64,1,0,1
BRDA:64,2,0,0
BRDA:64,3,0,0
BRDA:64,4,0,0
BRDA:64,5,0,0
BRDA:64,6,0,1
BRDA:64,7,0,3
BRDA:64,8,0,3
BRDA:64,9,0,1
BRDA:64,10,0,1
BRDA:64,11,0,0
BRDA:64,12,0,1
BRDA:64,13,0,1
BRDA:64,14,0,0
BRDA:64,15,0,1
BRDA:64,16,0,0
BRDA:64,17,0,1
BRDA:64,18,0,1
BRDA:64,19,0,0
BRDA:64,20,0,3
BRDA:64,21,0,2
BRDA:64,22,0,2
BRDA:64,23,0,0
BRDA:64,24,0,4
BRDA:64,25,0,0
BRDA:64,26,0,0
BRDA:64,27,0,0
BRDA:64,28,0,0
BRDA:64,29,0,2
BRDA:64,30,0,2
BRDA:64,31,0,0
BRDA:64,32,0,1
BRDA:64,33,0,0
BRDA:64,34,0,1
BRDA:64,35,0,0
BRDA:64,36,0,0
BRDA:64,37,0,0
BRDA:64,38,0,0
BRDA:64,39,0,0
BRDA:64,40,0,0
BRDA:64,41,0,0
BRDA:64,42,0,2
BRDA:64,43,0,1
BRDA:64,44,0,2
BRDA:64,45,0,1
BRDA:64,46,0,0
BRDA:64,47,0,0
BRDA:64,48,0,2
BRDA:64,49,0,1
BRDA:64,50,0,1
BRDA:13,51,0,1
BRDA:20,52,0,1
BRDA:35,53,0,1
BRDA:64,54,0,1
BRDA:64,55,0,2
BRDA:36,56,0,1
BRDA:64,57,0,0
BRDA:64,58,0,1
BRDA:40,59,0,0
BRDA:64,60,0,0
BRF:61
BRH:34
end_of_record
TN:
SF:src/modules/users/services/UpdateProfileService.ts
FN:71,__decorate
FN:71,__metadata
FN:71,__param
FN:71,__awaiter
FN:71,adopt
FN:71,fulfilled
FN:71,rejected
FN:71,step
FN:71,__generator
FN:71,sent
FN:71,Symbol.function.g.(anonymous function)
FN:71,verb
FN:71,step
FN:71,__importDefault
FN:22,UpdateProfileService
FN:33,UpdateProfileService.execute
FNF:16
FNH:14
FNDA:1,__decorate
FNDA:1,__metadata
FNDA:2,__param
FNDA:5,__awaiter
FNDA:13,adopt
FNDA:13,fulfilled
FNDA:0,rejected
FNDA:15,step
FNDA:5,__generator
FNDA:13,sent
FNDA:0,Symbol.function.g.(anonymous function)
FNDA:15,verb
FNDA:18,step
FNDA:1,__importDefault
FNDA:5,UpdateProfileService
FNDA:5,UpdateProfileService.execute
DA:1,1
DA:2,1
DA:3,1
DA:4,1
DA:5,1
DA:6,1
DA:7,1
DA:8,1
DA:9,1
DA:10,1
DA:11,1
DA:12,1
DA:13,1
DA:14,1
DA:15,1
DA:16,1
DA:17,1
DA:18,1
DA:19,1
DA:20,1
DA:21,1
DA:22,1
DA:23,5
DA:24,5
DA:25,5
DA:26,5
DA:27,5
DA:28,5
DA:29,5
DA:30,5
DA:31,5
DA:32,1
DA:33,1
DA:34,5
DA:35,5
DA:36,5
DA:37,5
DA:38,5
DA:39,0
DA:40,0
DA:41,5
DA:42,5
DA:43,5
DA:44,5
DA:45,1
DA:46,1
DA:47,4
DA:48,4
DA:49,4
DA:50,4
DA:51,5
DA:52,1
DA:53,1
DA:54,3
DA:55,5
DA:56,2
DA:57,5
DA:58,5
DA:59,5
DA:60,5
DA:61,5
DA:62,5
DA:63,5
DA:64,1
DA:65,5
DA:66,5
DA:67,5
DA:68,5
DA:69,1
DA:70,1
DA:71,1
LF:71
LH:69
BRDA:71,0,0,1
BRDA:71,1,0,1
BRDA:71,2,0,0
BRDA:71,3,0,0
BRDA:71,4,0,0
BRDA:71,5,0,0
BRDA:71,6,0,1
BRDA:71,7,0,2
BRDA:71,8,0,2
BRDA:71,9,0,5
BRDA:71,10,0,13
BRDA:71,11,0,0
BRDA:71,12,0,5
BRDA:71,13,0,13
BRDA:71,14,0,10
BRDA:71,15,0,3
BRDA:71,16,0,15
BRDA:71,17,0,2
BRDA:71,18,0,13
BRDA:71,19,0,5
BRDA:71,20,0,13
BRDA:71,21,0,0
BRDA:71,22,0,15
BRDA:71,23,0,18
BRDA:71,24,0,18
BRDA:71,25,0,0
BRDA:71,26,0,38
BRDA:71,27,0,0
BRDA:71,28,0,0
BRDA:71,29,0,0
BRDA:71,30,0,0
BRDA:71,31,0,18
BRDA:71,32,0,18
BRDA:71,33,0,0
BRDA:71,34,0,13
BRDA:71,35,0,0
BRDA:71,36,0,7
BRDA:71,37,0,0
BRDA:71,38,0,4
BRDA:71,39,0,5
BRDA:71,40,0,2
BRDA:71,41,0,0
BRDA:71,42,0,2
BRDA:71,43,0,0
BRDA:71,44,0,0
BRDA:71,45,0,0
BRDA:71,46,0,0
BRDA:71,47,0,20
BRDA:71,48,0,17
BRDA:71,49,0,3
BRDA:71,50,0,20
BRDA:71,51,0,5
BRDA:71,52,0,3
BRDA:71,53,0,2
BRDA:71,54,0,0
BRDA:71,55,0,1
BRDA:71,56,0,0
BRDA:17,57,0,1
BRDA:22,58,0,5
BRDA:33,59,0,5
BRDA:71,60,0,5
BRDA:71,61,0,20
BRDA:36,62,0,5
BRDA:71,63,0,0
BRDA:71,64,0,5
BRDA:38,65,0,0
BRDA:71,66,0,0
BRDA:71,67,0,5
BRDA:44,68,0,1
BRDA:46,69,0,4
BRDA:51,70,0,3
BRDA:51,71,0,1
BRDA:53,72,0,3
BRDA:55,73,0,2
BRDA:55,74,0,1
BRDA:55,75,0,2
BRDA:71,76,0,0
BRDA:71,77,0,2
BRDA:71,78,0,1
BRDA:71,79,0,2
BRDA:63,80,0,1
BRDA:71,81,0,0
BRDA:71,82,0,1
BRDA:67,83,0,2
BRDA:71,84,0,0
BRF:85
BRH:58
end_of_record
TN:
SF:src/modules/users/services/UpdateUserAvatarService.ts
FN:50,__decorate
FN:50,__metadata
FN:50,__param
FN:50,__awaiter
FN:50,adopt
FN:50,fulfilled
FN:50,rejected
FN:50,step
FN:50,__generator
FN:50,sent
FN:50,Symbol.function.g.(anonymous function)
FN:50,verb
FN:50,step
FN:50,__importDefault
FN:19,UpdateUserAvatarService
FN:30,UpdateUserAvatarService.execute
FNF:16
FNH:14
FNDA:1,__decorate
FNDA:1,__metadata
FNDA:2,__param
FNDA:4,__awaiter
FNDA:11,adopt
FNDA:11,fulfilled
FNDA:0,rejected
FNDA:14,step
FNDA:4,__generator
FNDA:11,sent
FNDA:0,Symbol.function.g.(anonymous function)
FNDA:12,verb
FNDA:15,step
FNDA:1,__importDefault
FNDA:3,UpdateUserAvatarService
FNDA:4,UpdateUserAvatarService.execute
DA:1,1
DA:2,1
DA:3,1
DA:4,1
DA:5,1
DA:6,1
DA:7,1
DA:8,1
DA:9,1
DA:10,1
DA:11,1
DA:12,1
DA:13,1
DA:14,1
DA:15,1
DA:16,1
DA:17,1
DA:18,1
DA:19,1
DA:20,3
DA:21,3
DA:22,3
DA:23,3
DA:24,3
DA:25,3
DA:26,3
DA:27,3
DA:28,3
DA:29,1
DA:30,1
DA:31,4
DA:32,4
DA:33,4
DA:34,1
DA:35,1
DA:36,3
DA:37,3
DA:38,1
DA:39,4
DA:40,4
DA:41,4
DA:42,4
DA:43,4
DA:44,4
DA:45,4
DA:46,4
DA:47,4
DA:48,1
DA:49,1
DA:50,1
LF:50
LH:50
BRDA:50,0,0,1
BRDA:50,1,0,1
BRDA:50,2,0,0
BRDA:50,3,0,0
BRDA:50,4,0,0
BRDA:50,5,0,0
BRDA:50,6,0,1
BRDA:50,7,0,2
BRDA:50,8,0,2
BRDA:50,9,0,4
BRDA:50,10,0,11
BRDA:50,11,0,0
BRDA:50,12,0,4
BRDA:50,13,0,11
BRDA:50,14,0,10
BRDA:50,15,0,1
BRDA:50,16,0,14
BRDA:50,17,0,3
BRDA:50,18,0,11
BRDA:50,19,0,4
BRDA:50,20,0,11
BRDA:50,21,0,0
BRDA:50,22,0,12
BRDA:50,23,0,15
BRDA:50,24,0,15
BRDA:50,25,0,0
BRDA:50,26,0,32
BRDA:50,27,0,0
BRDA:50,28,0,0
BRDA:50,29,0,0
BRDA:50,30,0,0
BRDA:50,31,0,15
BRDA:50,32,0,15
BRDA:50,33,0,0
BRDA:50,34,0,11
BRDA:50,35,0,0
BRDA:50,36,0,6
BRDA:50,37,0,0
BRDA:50,38,0,5
BRDA:50,39,0,4
BRDA:50,40,0,2
BRDA:50,41,0,0
BRDA:50,42,0,2
BRDA:50,43,0,0
BRDA:50,44,0,0
BRDA:50,45,0,0
BRDA:50,46,0,0
BRDA:50,47,0,17
BRDA:50,48,0,16
BRDA:50,49,0,1
BRDA:50,50,0,17
BRDA:50,51,0,4
BRDA:50,52,0,1
BRDA:50,53,0,3
BRDA:50,54,0,0
BRDA:50,55,0,1
BRDA:50,56,0,0
BRDA:14,57,0,1
BRDA:19,58,0,3
BRDA:30,59,0,4
BRDA:50,60,0,4
BRDA:50,61,0,17
BRDA:31,62,0,4
BRDA:50,63,0,0
BRDA:50,64,0,4
BRDA:33,65,0,1
BRDA:35,66,0,3
BRDA:37,67,0,2
BRDA:37,68,0,1
BRDA:50,69,0,0
BRDA:50,70,0,1
BRDA:41,71,0,3
BRDA:50,72,0,0
BRDA:50,73,0,3
BRDA:50,74,0,0
BRDA:50,75,0,3
BRDA:50,76,0,0
BRF:77
BRH:51
end_of_record
